# JRE version: Java(TM) SE Runtime Environment (8.0_65-b17) (build 1.8.0_65-b17)
# Java VM: Java HotSpot(TM) 64-Bit Server VM (25.65-b01 mixed mode bsd-amd64 compressed oops)
Heap:
 PSYoungGen      total 617472K, used 500800K [0x000000076ab00000, 0x000000079c200000, 0x00000007c0000000)
  eden space 492544K, 76% used [0x000000076ab00000,0x0000000781a14410,0x0000000788c00000)
  from space 124928K, 99% used [0x0000000791c00000,0x00000007995fbd60,0x0000000799600000)
  to   space 147456K, 0% used [0x0000000788c00000,0x0000000788c00000,0x0000000791c00000)
 ParOldGen       total 239616K, used 152579K [0x00000006c0000000, 0x00000006cea00000, 0x000000076ab00000)
  object space 239616K, 63% used [0x00000006c0000000,0x00000006c9500ea8,0x00000006cea00000)
 Metaspace       used 2648K, capacity 4490K, committed 4864K, reserved 1056768K
  class space    used 287K, capacity 386K, committed 512K, reserved 1048576K
GC Heap History (10 events):
Event: 172.970 GC heap before
{Heap before GC invocations=5 (full 0):
 PSYoungGen      total 141824K, used 120136K [0x000000076ab00000, 0x0000000774000000, 0x00000007c0000000)
  eden space 131072K, 83% used [0x000000076ab00000,0x00000007715da210,0x0000000772b00000)
  from space 10752K, 99% used [0x0000000773580000,0x0000000773ff8020,0x0000000774000000)
  to   space 10752K, 0% used [0x0000000772b00000,0x0000000772b00000,0x0000000773580000)
 ParOldGen       total 175104K, used 95903K [0x00000006c0000000, 0x00000006cab00000, 0x000000076ab00000)
  object space 175104K, 54% used [0x00000006c0000000,0x00000006c5da7e60,0x00000006cab00000)
 Metaspace       used 2639K, capacity 4490K, committed 4864K, reserved 1056768K
  class space    used 286K, capacity 386K, committed 512K, reserved 1048576K
Event: 172.998 GC heap after
Heap after GC invocations=5 (full 0):
 PSYoungGen      total 141824K, used 10720K [0x000000076ab00000, 0x0000000786d00000, 0x00000007c0000000)
  eden space 131072K, 0% used [0x000000076ab00000,0x000000076ab00000,0x0000000772b00000)
  from space 10752K, 99% used [0x0000000772b00000,0x0000000773578020,0x0000000773580000)
  to   space 99328K, 0% used [0x0000000780c00000,0x0000000780c00000,0x0000000786d00000)
 ParOldGen       total 179712K, used 179541K [0x00000006c0000000, 0x00000006caf80000, 0x000000076ab00000)
  object space 179712K, 99% used [0x00000006c0000000,0x00000006caf55790,0x00000006caf80000)
 Metaspace       used 2639K, capacity 4490K, committed 4864K, reserved 1056768K
  class space    used 286K, capacity 386K, committed 512K, reserved 1048576K
}
Event: 172.998 GC heap before
{Heap before GC invocations=6 (full 1):
 PSYoungGen      total 141824K, used 10720K [0x000000076ab00000, 0x0000000786d00000, 0x00000007c0000000)
  eden space 131072K, 0% used [0x000000076ab00000,0x000000076ab00000,0x0000000772b00000)
  from space 10752K, 99% used [0x0000000772b00000,0x0000000773578020,0x0000000773580000)
  to   space 99328K, 0% used [0x0000000780c00000,0x0000000780c00000,0x0000000786d00000)
 ParOldGen       total 179712K, used 179541K [0x00000006c0000000, 0x00000006caf80000, 0x000000076ab00000)
  object space 179712K, 99% used [0x00000006c0000000,0x00000006caf55790,0x00000006caf80000)
 Metaspace       used 2639K, capacity 4490K, committed 4864K, reserved 1056768K
  class space    used 286K, capacity 386K, committed 512K, reserved 1048576K
Event: 173.020 GC heap after
Heap after GC invocations=6 (full 1):
 PSYoungGen      total 141824K, used 0K [0x000000076ab00000, 0x0000000786d00000, 0x00000007c0000000)
  eden space 131072K, 0% used [0x000000076ab00000,0x000000076ab00000,0x0000000772b00000)
  from space 10752K, 0% used [0x0000000772b00000,0x0000000772b00000,0x0000000773580000)
  to   space 99328K, 0% used [0x0000000780c00000,0x0000000780c00000,0x0000000786d00000)
 ParOldGen       total 239616K, used 94097K [0x00000006c0000000, 0x00000006cea00000, 0x000000076ab00000)
  object space 239616K, 39% used [0x00000006c0000000,0x00000006c5be4618,0x00000006cea00000)
 Metaspace       used 2639K, capacity 4490K, committed 4864K, reserved 1056768K
  class space    used 286K, capacity 386K, committed 512K, reserved 1048576K
}
Event: 504.532 GC heap before
{Heap before GC invocations=7 (full 1):
 PSYoungGen      total 141824K, used 131072K [0x000000076ab00000, 0x0000000786d00000, 0x00000007c0000000)
  eden space 131072K, 100% used [0x000000076ab00000,0x0000000772b00000,0x0000000772b00000)
  from space 10752K, 0% used [0x0000000772b00000,0x0000000772b00000,0x0000000773580000)
  to   space 99328K, 0% used [0x0000000780c00000,0x0000000780c00000,0x0000000786d00000)
 ParOldGen       total 239616K, used 94097K [0x00000006c0000000, 0x00000006cea00000, 0x000000076ab00000)
  object space 239616K, 39% used [0x00000006c0000000,0x00000006c5be4618,0x00000006cea00000)
 Metaspace       used 2639K, capacity 4490K, committed 4864K, reserved 1056768K
  class space    used 286K, capacity 386K, committed 512K, reserved 1048576K
Event: 504.556 GC heap after
Heap after GC invocations=7 (full 1):
 PSYoungGen      total 356864K, used 66869K [0x000000076ab00000, 0x0000000787600000, 0x00000007c0000000)
  eden space 257536K, 0% used [0x000000076ab00000,0x000000076ab00000,0x000000077a680000)
  from space 99328K, 67% used [0x0000000780c00000,0x0000000784d4d770,0x0000000786d00000)
  to   space 103936K, 0% used [0x000000077a680000,0x000000077a680000,0x0000000780c00000)
 ParOldGen       total 239616K, used 94097K [0x00000006c0000000, 0x00000006cea00000, 0x000000076ab00000)
  object space 239616K, 39% used [0x00000006c0000000,0x00000006c5be4618,0x00000006cea00000)
 Metaspace       used 2639K, capacity 4490K, committed 4864K, reserved 1056768K
  class space    used 286K, capacity 386K, committed 512K, reserved 1048576K
}
Event: 505.034 GC heap before
{Heap before GC invocations=8 (full 1):
 PSYoungGen      total 356864K, used 296855K [0x000000076ab00000, 0x0000000787600000, 0x00000007c0000000)
  eden space 257536K, 89% used [0x000000076ab00000,0x0000000778b98550,0x000000077a680000)
  from space 99328K, 67% used [0x0000000780c00000,0x0000000784d4d770,0x0000000786d00000)
  to   space 103936K, 0% used [0x000000077a680000,0x000000077a680000,0x0000000780c00000)
 ParOldGen       total 239616K, used 94097K [0x00000006c0000000, 0x00000006cea00000, 0x000000076ab00000)
  object space 239616K, 39% used [0x00000006c0000000,0x00000006c5be4618,0x00000006cea00000)
 Metaspace       used 2639K, capacity 4490K, committed 4864K, reserved 1056768K
  class space    used 286K, capacity 386K, committed 512K, reserved 1048576K
Event: 505.086 GC heap after
Heap after GC invocations=8 (full 1):
 PSYoungGen      total 361472K, used 103921K [0x000000076ab00000, 0x0000000799600000, 0x00000007c0000000)
  eden space 257536K, 0% used [0x000000076ab00000,0x000000076ab00000,0x000000077a680000)
  from space 103936K, 99% used [0x000000077a680000,0x0000000780bfc410,0x0000000780c00000)
  to   space 124928K, 0% used [0x0000000791c00000,0x0000000791c00000,0x0000000799600000)
 ParOldGen       total 239616K, used 136748K [0x00000006c0000000, 0x00000006cea00000, 0x000000076ab00000)
  object space 239616K, 57% used [0x00000006c0000000,0x00000006c858b338,0x00000006cea00000)
 Metaspace       used 2639K, capacity 4490K, committed 4864K, reserved 1056768K
  class space    used 286K, capacity 386K, committed 512K, reserved 1048576K
}
Event: 1199.098 GC heap before
{Heap before GC invocations=9 (full 1):
 PSYoungGen      total 361472K, used 294966K [0x000000076ab00000, 0x0000000799600000, 0x00000007c0000000)
  eden space 257536K, 74% used [0x000000076ab00000,0x00000007765916b0,0x000000077a680000)
  from space 103936K, 99% used [0x000000077a680000,0x0000000780bfc410,0x0000000780c00000)
  to   space 124928K, 0% used [0x0000000791c00000,0x0000000791c00000,0x0000000799600000)
 ParOldGen       total 239616K, used 136748K [0x00000006c0000000, 0x00000006cea00000, 0x000000076ab00000)
  object space 239616K, 57% used [0x00000006c0000000,0x00000006c858b338,0x00000006cea00000)
 Metaspace       used 2639K, capacity 4490K, committed 4864K, reserved 1056768K
  class space    used 286K, capacity 386K, committed 512K, reserved 1048576K
Event: 1199.147 GC heap after
Heap after GC invocations=9 (full 1):
 PSYoungGen      total 617472K, used 124911K [0x000000076ab00000, 0x000000079c200000, 0x00000007c0000000)
  eden space 492544K, 0% used [0x000000076ab00000,0x000000076ab00000,0x0000000788c00000)
  from space 124928K, 99% used [0x0000000791c00000,0x00000007995fbd60,0x0000000799600000)
  to   space 147456K, 0% used [0x0000000788c00000,0x0000000788c00000,0x0000000791c00000)
 ParOldGen       total 239616K, used 152579K [0x00000006c0000000, 0x00000006cea00000, 0x000000076ab00000)
  object space 239616K, 63% used [0x00000006c0000000,0x00000006c9500ea8,0x00000006cea00000)
 Metaspace       used 2639K, capacity 4490K, committed 4864K, reserved 1056768K
  class space    used 286K, capacity 386K, committed 512K, reserved 1048576K
}

