# JRE version: Java(TM) SE Runtime Environment (8.0_65-b17) (build 1.8.0_65-b17)
# Java VM: Java HotSpot(TM) 64-Bit Server VM (25.65-b01 mixed mode bsd-amd64 compressed oops)
Heap:
 PSYoungGen      total 596480K, used 265829K [0x000000076ab00000, 0x0000000795c80000, 0x00000007c0000000)
  eden space 508928K, 39% used [0x000000076ab00000,0x0000000776d44810,0x0000000789c00000)
  from space 87552K, 76% used [0x000000078f880000,0x00000007939d4cf0,0x0000000794e00000)
  to   space 94720K, 0% used [0x0000000789c00000,0x0000000789c00000,0x000000078f880000)
 ParOldGen       total 186880K, used 88422K [0x00000006c0000000, 0x00000006cb680000, 0x000000076ab00000)
  object space 186880K, 47% used [0x00000006c0000000,0x00000006c56599f8,0x00000006cb680000)
 Metaspace       used 2648K, capacity 4490K, committed 4864K, reserved 1056768K
  class space    used 287K, capacity 386K, committed 512K, reserved 1048576K
GC Heap History (10 events):
Event: 228.219 GC heap before
{Heap before GC invocations=5 (full 0):
 PSYoungGen      total 141824K, used 141824K [0x000000076ab00000, 0x0000000774000000, 0x00000007c0000000)
  eden space 131072K, 100% used [0x000000076ab00000,0x0000000772b00000,0x0000000772b00000)
  from space 10752K, 100% used [0x0000000773580000,0x0000000774000000,0x0000000774000000)
  to   space 10752K, 0% used [0x0000000772b00000,0x0000000772b00000,0x0000000773580000)
 ParOldGen       total 175104K, used 71096K [0x00000006c0000000, 0x00000006cab00000, 0x000000076ab00000)
  object space 175104K, 40% used [0x00000006c0000000,0x00000006c456e3b0,0x00000006cab00000)
 Metaspace       used 2640K, capacity 4490K, committed 4864K, reserved 1056768K
  class space    used 286K, capacity 386K, committed 512K, reserved 1048576K
Event: 228.254 GC heap after
Heap after GC invocations=5 (full 0):
 PSYoungGen      total 141824K, used 10720K [0x000000076ab00000, 0x0000000783100000, 0x00000007c0000000)
  eden space 131072K, 0% used [0x000000076ab00000,0x000000076ab00000,0x0000000772b00000)
  from space 10752K, 99% used [0x0000000772b00000,0x0000000773578020,0x0000000773580000)
  to   space 68608K, 0% used [0x000000077ee00000,0x000000077ee00000,0x0000000783100000)
 ParOldGen       total 175104K, used 123477K [0x00000006c0000000, 0x00000006cab00000, 0x000000076ab00000)
  object space 175104K, 70% used [0x00000006c0000000,0x00000006c7895580,0x00000006cab00000)
 Metaspace       used 2640K, capacity 4490K, committed 4864K, reserved 1056768K
  class space    used 286K, capacity 386K, committed 512K, reserved 1048576K
}
Event: 228.254 GC heap before
{Heap before GC invocations=6 (full 1):
 PSYoungGen      total 141824K, used 10720K [0x000000076ab00000, 0x0000000783100000, 0x00000007c0000000)
  eden space 131072K, 0% used [0x000000076ab00000,0x000000076ab00000,0x0000000772b00000)
  from space 10752K, 99% used [0x0000000772b00000,0x0000000773578020,0x0000000773580000)
  to   space 68608K, 0% used [0x000000077ee00000,0x000000077ee00000,0x0000000783100000)
 ParOldGen       total 175104K, used 123477K [0x00000006c0000000, 0x00000006cab00000, 0x000000076ab00000)
  object space 175104K, 70% used [0x00000006c0000000,0x00000006c7895580,0x00000006cab00000)
 Metaspace       used 2640K, capacity 4490K, committed 4864K, reserved 1056768K
  class space    used 286K, capacity 386K, committed 512K, reserved 1048576K
Event: 228.276 GC heap after
Heap after GC invocations=6 (full 1):
 PSYoungGen      total 141824K, used 0K [0x000000076ab00000, 0x0000000783100000, 0x00000007c0000000)
  eden space 131072K, 0% used [0x000000076ab00000,0x000000076ab00000,0x0000000772b00000)
  from space 10752K, 0% used [0x0000000772b00000,0x0000000772b00000,0x0000000773580000)
  to   space 68608K, 0% used [0x000000077ee00000,0x000000077ee00000,0x0000000783100000)
 ParOldGen       total 186880K, used 62855K [0x00000006c0000000, 0x00000006cb680000, 0x000000076ab00000)
  object space 186880K, 33% used [0x00000006c0000000,0x00000006c3d61cb8,0x00000006cb680000)
 Metaspace       used 2640K, capacity 4490K, committed 4864K, reserved 1056768K
  class space    used 286K, capacity 386K, committed 512K, reserved 1048576K
}
Event: 228.587 GC heap before
{Heap before GC invocations=7 (full 1):
 PSYoungGen      total 141824K, used 101018K [0x000000076ab00000, 0x0000000783100000, 0x00000007c0000000)
  eden space 131072K, 77% used [0x000000076ab00000,0x0000000770da68c8,0x0000000772b00000)
  from space 10752K, 0% used [0x0000000772b00000,0x0000000772b00000,0x0000000773580000)
  to   space 68608K, 0% used [0x000000077ee00000,0x000000077ee00000,0x0000000783100000)
 ParOldGen       total 186880K, used 62855K [0x00000006c0000000, 0x00000006cb680000, 0x000000076ab00000)
  object space 186880K, 33% used [0x00000006c0000000,0x00000006c3d61cb8,0x00000006cb680000)
 Metaspace       used 2640K, capacity 4490K, committed 4864K, reserved 1056768K
  class space    used 286K, capacity 386K, committed 512K, reserved 1048576K
Event: 228.588 GC heap after
Heap after GC invocations=7 (full 1):
 PSYoungGen      total 327168K, used 0K [0x000000076ab00000, 0x0000000783800000, 0x00000007c0000000)
  eden space 258560K, 0% used [0x000000076ab00000,0x000000076ab00000,0x000000077a780000)
  from space 68608K, 0% used [0x000000077ee00000,0x000000077ee00000,0x0000000783100000)
  to   space 72192K, 0% used [0x000000077a780000,0x000000077a780000,0x000000077ee00000)
 ParOldGen       total 186880K, used 62855K [0x00000006c0000000, 0x00000006cb680000, 0x000000076ab00000)
  object space 186880K, 33% used [0x00000006c0000000,0x00000006c3d61cb8,0x00000006cb680000)
 Metaspace       used 2640K, capacity 4490K, committed 4864K, reserved 1056768K
  class space    used 286K, capacity 386K, committed 512K, reserved 1048576K
}
Event: 646.397 GC heap before
{Heap before GC invocations=8 (full 1):
 PSYoungGen      total 327168K, used 258560K [0x000000076ab00000, 0x0000000783800000, 0x00000007c0000000)
  eden space 258560K, 100% used [0x000000076ab00000,0x000000077a780000,0x000000077a780000)
  from space 68608K, 0% used [0x000000077ee00000,0x000000077ee00000,0x0000000783100000)
  to   space 72192K, 0% used [0x000000077a780000,0x000000077a780000,0x000000077ee00000)
 ParOldGen       total 186880K, used 62855K [0x00000006c0000000, 0x00000006cb680000, 0x000000076ab00000)
  object space 186880K, 33% used [0x00000006c0000000,0x00000006c3d61cb8,0x00000006cb680000)
 Metaspace       used 2640K, capacity 4490K, committed 4864K, reserved 1056768K
  class space    used 286K, capacity 386K, committed 512K, reserved 1048576K
Event: 646.432 GC heap after
Heap after GC invocations=8 (full 1):
 PSYoungGen      total 330752K, used 72186K [0x000000076ab00000, 0x0000000794e00000, 0x00000007c0000000)
  eden space 258560K, 0% used [0x000000076ab00000,0x000000076ab00000,0x000000077a780000)
  from space 72192K, 99% used [0x000000077a780000,0x000000077edfea70,0x000000077ee00000)
  to   space 87552K, 0% used [0x000000078f880000,0x000000078f880000,0x0000000794e00000)
 ParOldGen       total 186880K, used 88422K [0x00000006c0000000, 0x00000006cb680000, 0x000000076ab00000)
  object space 186880K, 47% used [0x00000006c0000000,0x00000006c56599f8,0x00000006cb680000)
 Metaspace       used 2640K, capacity 4490K, committed 4864K, reserved 1056768K
  class space    used 286K, capacity 386K, committed 512K, reserved 1048576K
}
Event: 646.978 GC heap before
{Heap before GC invocations=9 (full 1):
 PSYoungGen      total 330752K, used 330746K [0x000000076ab00000, 0x0000000794e00000, 0x00000007c0000000)
  eden space 258560K, 100% used [0x000000076ab00000,0x000000077a780000,0x000000077a780000)
  from space 72192K, 99% used [0x000000077a780000,0x000000077edfea70,0x000000077ee00000)
  to   space 87552K, 0% used [0x000000078f880000,0x000000078f880000,0x0000000794e00000)
 ParOldGen       total 186880K, used 88422K [0x00000006c0000000, 0x00000006cb680000, 0x000000076ab00000)
  object space 186880K, 47% used [0x00000006c0000000,0x00000006c56599f8,0x00000006cb680000)
 Metaspace       used 2640K, capacity 4490K, committed 4864K, reserved 1056768K
  class space    used 286K, capacity 386K, committed 512K, reserved 1048576K
Event: 647.014 GC heap after
Heap after GC invocations=9 (full 1):
 PSYoungGen      total 596480K, used 66899K [0x000000076ab00000, 0x0000000795c80000, 0x00000007c0000000)
  eden space 508928K, 0% used [0x000000076ab00000,0x000000076ab00000,0x0000000789c00000)
  from space 87552K, 76% used [0x000000078f880000,0x00000007939d4cf0,0x0000000794e00000)
  to   space 94720K, 0% used [0x0000000789c00000,0x0000000789c00000,0x000000078f880000)
 ParOldGen       total 186880K, used 88422K [0x00000006c0000000, 0x00000006cb680000, 0x000000076ab00000)
  object space 186880K, 47% used [0x00000006c0000000,0x00000006c56599f8,0x00000006cb680000)
 Metaspace       used 2640K, capacity 4490K, committed 4864K, reserved 1056768K
  class space    used 286K, capacity 386K, committed 512K, reserved 1048576K
}

